<?xml version="1.0" encoding="UTF-8"?>
<coverage generated="1651750607760" clover="3.2.0">
  <project timestamp="1651750607760" name="All files">
    <metrics statements="17" coveredstatements="16" conditionals="13" coveredconditionals="12" methods="6" coveredmethods="6" elements="36" coveredelements="34" complexity="0" loc="17" ncloc="17" packages="1" files="2" classes="2"/>
    <file name="calculator.js" path="C:\developments\nodeJS-ENG\00-testing\calculator.js">
      <metrics statements="12" coveredstatements="12" conditionals="11" coveredconditionals="11" methods="5" coveredmethods="5"/>
      <line num="2" count="7" type="cond" truecount="5" falsecount="0"/>
      <line num="3" count="3" type="stmt"/>
      <line num="5" count="4" type="stmt"/>
      <line num="7" count="4" type="cond" truecount="2" falsecount="0"/>
      <line num="8" count="2" type="stmt"/>
      <line num="9" count="3" type="cond" truecount="2" falsecount="0"/>
      <line num="10" count="2" type="stmt"/>
      <line num="11" count="2" type="cond" truecount="2" falsecount="0"/>
      <line num="12" count="2" type="stmt"/>
      <line num="14" count="2" type="stmt"/>
      <line num="16" count="4" type="stmt"/>
      <line num="19" count="1" type="stmt"/>
    </file>
    <file name="functions.js" path="C:\developments\nodeJS-ENG\00-testing\functions.js">
      <metrics statements="5" coveredstatements="4" conditionals="2" coveredconditionals="1" methods="1" coveredmethods="1"/>
      <line num="2" count="1" type="stmt"/>
      <line num="3" count="2" type="cond" truecount="1" falsecount="1"/>
      <line num="4" count="0" type="stmt"/>
      <line num="6" count="2" type="stmt"/>
      <line num="8" count="1" type="stmt"/>
    </file>
  </project>
</coverage>
