{"C:\\developments\\nodeJS-ENG\\00-testing\\calculator.js": {"path":"C:\\developments\\nodeJS-ENG\\00-testing\\calculator.js","statementMap":{"0":{"start":{"line":2,"column":4},"end":{"line":4,"column":5}},"1":{"start":{"line":3,"column":8},"end":{"line":3,"column":20}},"2":{"start":{"line":5,"column":17},"end":{"line":5,"column":18}},"3":{"start":{"line":7,"column":4},"end":{"line":15,"column":5}},"4":{"start":{"line":8,"column":8},"end":{"line":8,"column":49}},"5":{"start":{"line":8,"column":42},"end":{"line":8,"column":47}},"6":{"start":{"line":9,"column":11},"end":{"line":15,"column":5}},"7":{"start":{"line":10,"column":8},"end":{"line":10,"column":49}},"8":{"start":{"line":10,"column":42},"end":{"line":10,"column":47}},"9":{"start":{"line":11,"column":11},"end":{"line":15,"column":5}},"10":{"start":{"line":12,"column":8},"end":{"line":12,"column":48}},"11":{"start":{"line":12,"column":42},"end":{"line":12,"column":47}},"12":{"start":{"line":14,"column":8},"end":{"line":14,"column":48}},"13":{"start":{"line":14,"column":42},"end":{"line":14,"column":47}},"14":{"start":{"line":16,"column":4},"end":{"line":16,"column":17}},"15":{"start":{"line":19,"column":0},"end":{"line":19,"column":28}}},"fnMap":{"0":{"name":"calculator","decl":{"start":{"line":1,"column":9},"end":{"line":1,"column":19}},"loc":{"start":{"line":1,"column":41},"end":{"line":17,"column":1}},"line":1},"1":{"name":"(anonymous_1)","decl":{"start":{"line":8,"column":32},"end":{"line":8,"column":33}},"loc":{"start":{"line":8,"column":42},"end":{"line":8,"column":47}},"line":8},"2":{"name":"(anonymous_2)","decl":{"start":{"line":10,"column":32},"end":{"line":10,"column":33}},"loc":{"start":{"line":10,"column":42},"end":{"line":10,"column":47}},"line":10},"3":{"name":"(anonymous_3)","decl":{"start":{"line":12,"column":32},"end":{"line":12,"column":33}},"loc":{"start":{"line":12,"column":42},"end":{"line":12,"column":47}},"line":12},"4":{"name":"(anonymous_4)","decl":{"start":{"line":14,"column":32},"end":{"line":14,"column":33}},"loc":{"start":{"line":14,"column":42},"end":{"line":14,"column":47}},"line":14}},"branchMap":{"0":{"loc":{"start":{"line":2,"column":4},"end":{"line":4,"column":5}},"type":"if","locations":[{"start":{"line":2,"column":4},"end":{"line":4,"column":5}},{"start":{},"end":{}}],"line":2},"1":{"loc":{"start":{"line":2,"column":7},"end":{"line":2,"column":78}},"type":"binary-expr","locations":[{"start":{"line":2,"column":7},"end":{"line":2,"column":25}},{"start":{"line":2,"column":29},"end":{"line":2,"column":48}},{"start":{"line":2,"column":52},"end":{"line":2,"column":78}}],"line":2},"2":{"loc":{"start":{"line":7,"column":4},"end":{"line":15,"column":5}},"type":"if","locations":[{"start":{"line":7,"column":4},"end":{"line":15,"column":5}},{"start":{"line":9,"column":11},"end":{"line":15,"column":5}}],"line":7},"3":{"loc":{"start":{"line":9,"column":11},"end":{"line":15,"column":5}},"type":"if","locations":[{"start":{"line":9,"column":11},"end":{"line":15,"column":5}},{"start":{"line":11,"column":11},"end":{"line":15,"column":5}}],"line":9},"4":{"loc":{"start":{"line":11,"column":11},"end":{"line":15,"column":5}},"type":"if","locations":[{"start":{"line":11,"column":11},"end":{"line":15,"column":5}},{"start":{"line":13,"column":10},"end":{"line":15,"column":5}}],"line":11}},"s":{"0":8,"1":4,"2":4,"3":4,"4":1,"5":2,"6":3,"7":1,"8":2,"9":2,"10":1,"11":2,"12":1,"13":2,"14":4,"15":1},"f":{"0":8,"1":2,"2":2,"3":2,"4":2},"b":{"0":[4,4],"1":[8,7,6],"2":[1,3],"3":[1,2],"4":[1,1]},"_coverageSchema":"1a1c01bbd47fc00a2c39e90264f33305004495a9","hash":"152e7afed5ee525db55a5c4e0e6994212e1346d2"}
,"C:\\developments\\nodeJS-ENG\\00-testing\\functions.js": {"path":"C:\\developments\\nodeJS-ENG\\00-testing\\functions.js","statementMap":{"0":{"start":{"line":2,"column":16},"end":{"line":6,"column":60}},"1":{"start":{"line":3,"column":4},"end":{"line":5,"column":5}},"2":{"start":{"line":4,"column":8},"end":{"line":4,"column":20}},"3":{"start":{"line":6,"column":4},"end":{"line":6,"column":59}},"4":{"start":{"line":8,"column":0},"end":{"line":8,"column":25}}},"fnMap":{"0":{"name":"(anonymous_0)","decl":{"start":{"line":2,"column":16},"end":{"line":2,"column":17}},"loc":{"start":{"line":2,"column":27},"end":{"line":6,"column":60}},"line":2}},"branchMap":{"0":{"loc":{"start":{"line":3,"column":4},"end":{"line":5,"column":5}},"type":"if","locations":[{"start":{"line":3,"column":4},"end":{"line":5,"column":5}},{"start":{},"end":{}}],"line":3}},"s":{"0":1,"1":2,"2":0,"3":2,"4":1},"f":{"0":2},"b":{"0":[0,2]},"_coverageSchema":"1a1c01bbd47fc00a2c39e90264f33305004495a9","hash":"ba3487a3f7e8f36c20726eabe37a52a74e7afad1"}
}
