TN:
SF:calculator.js
FN:1,calculator
FN:8,(anonymous_1)
FN:10,(anonymous_2)
FN:12,(anonymous_3)
FN:14,(anonymous_4)
FNF:5
FNH:5
FNDA:7,calculator
FNDA:2,(anonymous_1)
FNDA:2,(anonymous_2)
FNDA:2,(anonymous_3)
FNDA:2,(anonymous_4)
DA:2,7
DA:3,3
DA:5,4
DA:7,4
DA:8,2
DA:9,3
DA:10,2
DA:11,2
DA:12,2
DA:14,2
DA:16,4
DA:19,1
LF:12
LH:12
BRDA:2,0,0,3
BRDA:2,0,1,4
BRDA:2,1,0,7
BRDA:2,1,1,7
BRDA:2,1,2,6
BRDA:7,2,0,1
BRDA:7,2,1,3
BRDA:9,3,0,1
BRDA:9,3,1,2
BRDA:11,4,0,1
BRDA:11,4,1,1
BRF:11
BRH:11
end_of_record
TN:
SF:functions.js
FN:2,(anonymous_0)
FNF:1
FNH:1
FNDA:2,(anonymous_0)
DA:2,1
DA:3,2
DA:4,0
DA:6,2
DA:8,1
LF:5
LH:4
BRDA:3,0,0,0
BRDA:3,0,1,2
BRF:2
BRH:1
end_of_record
